<?xml version="1.0" encoding="UTF-8"?>
<!-- Generated by org.testng.reporters.JUnitReportReporter -->
<testsuite hostname="DESKTOP-QBKRNN2" failures="0" tests="1" name="loginModul.LoginTest" time="42.818" errors="0" timestamp="2023-01-16T15:01:15 IST" skipped="0">
  <testcase classname="loginModul.LoginTest" name="TC1" time="42.818"/>
  <system-out>
    <![CDATA[TC1 is pass]]>
  </system-out>
</testsuite> <!-- loginModul.LoginTest -->
